30-Aug-2020 05:02:51.769 INFO [main] org.apache.catalina.startup.VersionLoggerListener.log Server version name:   Apache Tomcat/8.5.57
30-Aug-2020 05:02:51.782 INFO [main] org.apache.catalina.startup.VersionLoggerListener.log Server built:          Jun 30 2020 21:49:10 UTC
30-Aug-2020 05:02:51.782 INFO [main] org.apache.catalina.startup.VersionLoggerListener.log Server version number: 8.5.57.0
30-Aug-2020 05:02:51.782 INFO [main] org.apache.catalina.startup.VersionLoggerListener.log OS Name:               Linux
30-Aug-2020 05:02:51.783 INFO [main] org.apache.catalina.startup.VersionLoggerListener.log OS Version:            4.14.186-146.268.amzn2.x86_64
30-Aug-2020 05:02:51.783 INFO [main] org.apache.catalina.startup.VersionLoggerListener.log Architecture:          amd64
30-Aug-2020 05:02:51.783 INFO [main] org.apache.catalina.startup.VersionLoggerListener.log Java Home:             /usr/lib/jvm/java-1.8.0-openjdk-1.8.0.252.b09-2.amzn2.0.1.x86_64/jre
30-Aug-2020 05:02:51.783 INFO [main] org.apache.catalina.startup.VersionLoggerListener.log JVM Version:           1.8.0_252-b09
30-Aug-2020 05:02:51.783 INFO [main] org.apache.catalina.startup.VersionLoggerListener.log JVM Vendor:            Oracle Corporation
30-Aug-2020 05:02:51.783 INFO [main] org.apache.catalina.startup.VersionLoggerListener.log CATALINA_BASE:         /opt/apache-tomcat-8.5.57
30-Aug-2020 05:02:51.783 INFO [main] org.apache.catalina.startup.VersionLoggerListener.log CATALINA_HOME:         /opt/apache-tomcat-8.5.57
30-Aug-2020 05:02:51.783 INFO [main] org.apache.catalina.startup.VersionLoggerListener.log Command line argument: -Djava.util.logging.config.file=/opt/apache-tomcat-8.5.57/conf/logging.properties
30-Aug-2020 05:02:51.783 INFO [main] org.apache.catalina.startup.VersionLoggerListener.log Command line argument: -Djava.util.logging.manager=org.apache.juli.ClassLoaderLogManager
30-Aug-2020 05:02:51.783 INFO [main] org.apache.catalina.startup.VersionLoggerListener.log Command line argument: -Djdk.tls.ephemeralDHKeySize=2048
30-Aug-2020 05:02:51.784 INFO [main] org.apache.catalina.startup.VersionLoggerListener.log Command line argument: -Djava.protocol.handler.pkgs=org.apache.catalina.webresources
30-Aug-2020 05:02:51.784 INFO [main] org.apache.catalina.startup.VersionLoggerListener.log Command line argument: -Dorg.apache.catalina.security.SecurityListener.UMASK=0027
30-Aug-2020 05:02:51.784 INFO [main] org.apache.catalina.startup.VersionLoggerListener.log Command line argument: -Dignore.endorsed.dirs=
30-Aug-2020 05:02:51.784 INFO [main] org.apache.catalina.startup.VersionLoggerListener.log Command line argument: -Dcatalina.base=/opt/apache-tomcat-8.5.57
30-Aug-2020 05:02:51.784 INFO [main] org.apache.catalina.startup.VersionLoggerListener.log Command line argument: -Dcatalina.home=/opt/apache-tomcat-8.5.57
30-Aug-2020 05:02:51.784 INFO [main] org.apache.catalina.startup.VersionLoggerListener.log Command line argument: -Djava.io.tmpdir=/opt/apache-tomcat-8.5.57/temp
30-Aug-2020 05:02:51.784 INFO [main] org.apache.catalina.core.AprLifecycleListener.lifecycleEvent The Apache Tomcat Native library which allows using OpenSSL was not found on the java.library.path: [/usr/java/packages/lib/amd64:/usr/lib64:/lib64:/lib:/usr/lib]
30-Aug-2020 05:02:52.053 INFO [main] org.apache.coyote.AbstractProtocol.init Initializing ProtocolHandler ["http-nio-8080"]
30-Aug-2020 05:02:52.099 INFO [main] org.apache.tomcat.util.net.NioSelectorPool.getSharedSelector Using a shared selector for servlet write/read
30-Aug-2020 05:02:52.152 INFO [main] org.apache.catalina.startup.Catalina.load Initialization processed in 1561 ms
30-Aug-2020 05:02:52.230 INFO [main] org.apache.catalina.core.StandardService.startInternal Starting service [Catalina]
30-Aug-2020 05:02:52.230 INFO [main] org.apache.catalina.core.StandardEngine.startInternal Starting Servlet Engine: Apache Tomcat/8.5.57
30-Aug-2020 05:02:52.252 INFO [localhost-startStop-1] org.apache.catalina.startup.HostConfig.deployDirectory Deploying web application directory [/opt/apache-tomcat-8.5.57/webapps/ROOT]
30-Aug-2020 05:02:52.855 INFO [localhost-startStop-1] org.apache.catalina.startup.HostConfig.deployDirectory Deployment of web application directory [/opt/apache-tomcat-8.5.57/webapps/ROOT] has finished in [593] ms
30-Aug-2020 05:02:52.856 INFO [localhost-startStop-1] org.apache.catalina.startup.HostConfig.deployDirectory Deploying web application directory [/opt/apache-tomcat-8.5.57/webapps/docs]
30-Aug-2020 05:02:52.894 INFO [localhost-startStop-1] org.apache.catalina.startup.HostConfig.deployDirectory Deployment of web application directory [/opt/apache-tomcat-8.5.57/webapps/docs] has finished in [38] ms
30-Aug-2020 05:02:52.895 INFO [localhost-startStop-1] org.apache.catalina.startup.HostConfig.deployDirectory Deploying web application directory [/opt/apache-tomcat-8.5.57/webapps/examples]
30-Aug-2020 05:02:53.459 INFO [localhost-startStop-1] org.apache.catalina.startup.HostConfig.deployDirectory Deployment of web application directory [/opt/apache-tomcat-8.5.57/webapps/examples] has finished in [564] ms
30-Aug-2020 05:02:53.462 INFO [localhost-startStop-1] org.apache.catalina.startup.HostConfig.deployDirectory Deploying web application directory [/opt/apache-tomcat-8.5.57/webapps/host-manager]
30-Aug-2020 05:02:53.506 INFO [localhost-startStop-1] org.apache.catalina.startup.HostConfig.deployDirectory Deployment of web application directory [/opt/apache-tomcat-8.5.57/webapps/host-manager] has finished in [44] ms
30-Aug-2020 05:02:53.506 INFO [localhost-startStop-1] org.apache.catalina.startup.HostConfig.deployDirectory Deploying web application directory [/opt/apache-tomcat-8.5.57/webapps/manager]
30-Aug-2020 05:02:53.566 INFO [localhost-startStop-1] org.apache.catalina.startup.HostConfig.deployDirectory Deployment of web application directory [/opt/apache-tomcat-8.5.57/webapps/manager] has finished in [60] ms
30-Aug-2020 05:02:53.569 INFO [main] org.apache.coyote.AbstractProtocol.start Starting ProtocolHandler ["http-nio-8080"]
30-Aug-2020 05:02:53.603 INFO [main] org.apache.catalina.startup.Catalina.start Server startup in 1450 ms
30-Aug-2020 05:21:36.203 INFO [http-nio-8080-exec-10] org.apache.coyote.http11.Http11Processor.service Error parsing HTTP request header
 Note: further occurrences of HTTP request parsing errors will be logged at DEBUG level.
	java.lang.IllegalArgumentException: Invalid character found in the HTTP protocol [HTTP/1.10x0aHost:]
		at org.apache.coyote.http11.Http11InputBuffer.parseRequestLine(Http11InputBuffer.java:574)
		at org.apache.coyote.http11.Http11Processor.service(Http11Processor.java:502)
		at org.apache.coyote.AbstractProcessorLight.process(AbstractProcessorLight.java:65)
		at org.apache.coyote.AbstractProtocol$ConnectionHandler.process(AbstractProtocol.java:818)
		at org.apache.tomcat.util.net.NioEndpoint$SocketProcessor.doRun(NioEndpoint.java:1626)
		at org.apache.tomcat.util.net.SocketProcessorBase.run(SocketProcessorBase.java:49)
		at java.util.concurrent.ThreadPoolExecutor.runWorker(ThreadPoolExecutor.java:1149)
		at java.util.concurrent.ThreadPoolExecutor$Worker.run(ThreadPoolExecutor.java:624)
		at org.apache.tomcat.util.threads.TaskThread$WrappingRunnable.run(TaskThread.java:61)
		at java.lang.Thread.run(Thread.java:748)
30-Aug-2020 07:57:54.342 INFO [http-nio-8080-exec-5] org.apache.catalina.startup.HostConfig.deployWAR Deploying web application archive [/opt/apache-tomcat-8.5.57/webapps/webapp.war]
30-Aug-2020 07:57:54.399 INFO [http-nio-8080-exec-5] org.apache.catalina.startup.HostConfig.deployWAR Deployment of web application archive [/opt/apache-tomcat-8.5.57/webapps/webapp.war] has finished in [56] ms
30-Aug-2020 08:03:24.625 INFO [http-nio-8080-exec-1] org.apache.catalina.startup.HostConfig.undeploy Undeploying context [/webapp]
30-Aug-2020 08:03:24.632 INFO [http-nio-8080-exec-5] org.apache.catalina.startup.HostConfig.deployWAR Deploying web application archive [/opt/apache-tomcat-8.5.57/webapps/webapp.war]
30-Aug-2020 08:03:24.656 INFO [http-nio-8080-exec-5] org.apache.catalina.startup.HostConfig.deployWAR Deployment of web application archive [/opt/apache-tomcat-8.5.57/webapps/webapp.war] has finished in [24] ms
30-Aug-2020 08:36:28.217 INFO [http-nio-8080-exec-16] org.apache.catalina.startup.HostConfig.undeploy Undeploying context [/webapp]
30-Aug-2020 08:36:28.233 INFO [http-nio-8080-exec-15] org.apache.catalina.startup.HostConfig.deployWAR Deploying web application archive [/opt/apache-tomcat-8.5.57/webapps/webapp.war]
30-Aug-2020 08:36:28.273 INFO [http-nio-8080-exec-15] org.apache.catalina.startup.HostConfig.deployWAR Deployment of web application archive [/opt/apache-tomcat-8.5.57/webapps/webapp.war] has finished in [36] ms
